0 info it worked if it ends with ok
1 verbose cli [ 'node', '/usr/local/bin/npm', 'install', '-g' ]
2 info using npm@1.3.24
3 info using node@v0.10.25
4 verbose cache add [ '.', null ]
5 verbose cache add name=undefined spec="." args=[".",null]
6 verbose parsed url { protocol: null,
6 verbose parsed url   slashes: null,
6 verbose parsed url   auth: null,
6 verbose parsed url   host: null,
6 verbose parsed url   port: null,
6 verbose parsed url   hostname: null,
6 verbose parsed url   hash: null,
6 verbose parsed url   search: null,
6 verbose parsed url   query: null,
6 verbose parsed url   pathname: '.',
6 verbose parsed url   path: '.',
6 verbose parsed url   href: '.' }
7 silly lockFile 3a52ce78- .
8 verbose lock . /Users/davidnelson/.npm/3a52ce78-.lock
9 verbose tar pack [ '/var/folders/db/rppfcc4n5d9dn6kb9059f5bc0000gn/T/npm-13604-2Me1ozJB/1393103833363-0.4748123052995652/tmp.tgz',
9 verbose tar pack   '.' ]
10 verbose tarball /var/folders/db/rppfcc4n5d9dn6kb9059f5bc0000gn/T/npm-13604-2Me1ozJB/1393103833363-0.4748123052995652/tmp.tgz
11 verbose folder .
12 info prepublish ob-randomizer@0.0.0
13 silly lockFile 1f1177db-tar tar://.
14 verbose lock tar://. /Users/davidnelson/.npm/1f1177db-tar.lock
15 silly lockFile 3e4ca271-33363-0-4748123052995652-tmp-tgz tar:///var/folders/db/rppfcc4n5d9dn6kb9059f5bc0000gn/T/npm-13604-2Me1ozJB/1393103833363-0.4748123052995652/tmp.tgz
16 verbose lock tar:///var/folders/db/rppfcc4n5d9dn6kb9059f5bc0000gn/T/npm-13604-2Me1ozJB/1393103833363-0.4748123052995652/tmp.tgz /Users/davidnelson/.npm/3e4ca271-33363-0-4748123052995652-tmp-tgz.lock
17 silly lockFile 1f1177db-tar tar://.
18 silly lockFile 1f1177db-tar tar://.
19 silly lockFile 3e4ca271-33363-0-4748123052995652-tmp-tgz tar:///var/folders/db/rppfcc4n5d9dn6kb9059f5bc0000gn/T/npm-13604-2Me1ozJB/1393103833363-0.4748123052995652/tmp.tgz
20 silly lockFile 3e4ca271-33363-0-4748123052995652-tmp-tgz tar:///var/folders/db/rppfcc4n5d9dn6kb9059f5bc0000gn/T/npm-13604-2Me1ozJB/1393103833363-0.4748123052995652/tmp.tgz
21 verbose tar unpack /var/folders/db/rppfcc4n5d9dn6kb9059f5bc0000gn/T/npm-13604-2Me1ozJB/1393103833363-0.4748123052995652/tmp.tgz
22 silly lockFile 23e7ffc4-33363-0-4748123052995652-package tar:///var/folders/db/rppfcc4n5d9dn6kb9059f5bc0000gn/T/npm-13604-2Me1ozJB/1393103833363-0.4748123052995652/package
23 verbose lock tar:///var/folders/db/rppfcc4n5d9dn6kb9059f5bc0000gn/T/npm-13604-2Me1ozJB/1393103833363-0.4748123052995652/package /Users/davidnelson/.npm/23e7ffc4-33363-0-4748123052995652-package.lock
24 silly lockFile 3e4ca271-33363-0-4748123052995652-tmp-tgz tar:///var/folders/db/rppfcc4n5d9dn6kb9059f5bc0000gn/T/npm-13604-2Me1ozJB/1393103833363-0.4748123052995652/tmp.tgz
25 verbose lock tar:///var/folders/db/rppfcc4n5d9dn6kb9059f5bc0000gn/T/npm-13604-2Me1ozJB/1393103833363-0.4748123052995652/tmp.tgz /Users/davidnelson/.npm/3e4ca271-33363-0-4748123052995652-tmp-tgz.lock
26 silly gunzTarPerm modes [ '755', '644' ]
27 silly gunzTarPerm extractEntry package.json
28 silly gunzTarPerm extractEntry .npmignore
29 silly gunzTarPerm extractEntry README.md
30 silly gunzTarPerm extractEntry app.js
31 silly gunzTarPerm extractEntry rand.js
32 silly gunzTarPerm extractEntry Procfile
33 silly gunzTarPerm extractEntry index.html
34 silly gunzTarPerm extractEntry public/agents.json
35 silly gunzTarPerm extractEntry public/css/bootstrap-css/bootstrap-theme.css
36 silly gunzTarPerm extractEntry public/css/bootstrap-css/bootstrap-theme.css.map
37 silly gunzTarPerm extractEntry public/css/bootstrap-css/bootstrap-theme.min.css
38 silly gunzTarPerm extractEntry public/css/bootstrap-css/bootstrap.css
39 silly gunzTarPerm extractEntry public/css/bootstrap-css/bootstrap.css.map
40 silly gunzTarPerm extractEntry public/css/bootstrap.min.css
41 silly gunzTarPerm extractEntry public/css/normalize.css
42 silly gunzTarPerm extractEntry public/css/reset.css
43 silly gunzTarPerm extractEntry public/css/style.css
44 silly gunzTarPerm extractEntry public/js/bootstrap.min.js
45 silly gunzTarPerm extractEntry public/js/obApp.js
46 silly lockFile 23e7ffc4-33363-0-4748123052995652-package tar:///var/folders/db/rppfcc4n5d9dn6kb9059f5bc0000gn/T/npm-13604-2Me1ozJB/1393103833363-0.4748123052995652/package
47 silly lockFile 23e7ffc4-33363-0-4748123052995652-package tar:///var/folders/db/rppfcc4n5d9dn6kb9059f5bc0000gn/T/npm-13604-2Me1ozJB/1393103833363-0.4748123052995652/package
48 silly lockFile 3e4ca271-33363-0-4748123052995652-tmp-tgz tar:///var/folders/db/rppfcc4n5d9dn6kb9059f5bc0000gn/T/npm-13604-2Me1ozJB/1393103833363-0.4748123052995652/tmp.tgz
49 silly lockFile 3e4ca271-33363-0-4748123052995652-tmp-tgz tar:///var/folders/db/rppfcc4n5d9dn6kb9059f5bc0000gn/T/npm-13604-2Me1ozJB/1393103833363-0.4748123052995652/tmp.tgz
50 verbose tar pack [ '/Users/davidnelson/.npm/ob-randomizer/0.0.0/package.tgz',
50 verbose tar pack   '/var/folders/db/rppfcc4n5d9dn6kb9059f5bc0000gn/T/npm-13604-2Me1ozJB/1393103833363-0.4748123052995652/package' ]
51 verbose tarball /Users/davidnelson/.npm/ob-randomizer/0.0.0/package.tgz
52 verbose folder /var/folders/db/rppfcc4n5d9dn6kb9059f5bc0000gn/T/npm-13604-2Me1ozJB/1393103833363-0.4748123052995652/package
53 silly lockFile 23e7ffc4-33363-0-4748123052995652-package tar:///var/folders/db/rppfcc4n5d9dn6kb9059f5bc0000gn/T/npm-13604-2Me1ozJB/1393103833363-0.4748123052995652/package
54 verbose lock tar:///var/folders/db/rppfcc4n5d9dn6kb9059f5bc0000gn/T/npm-13604-2Me1ozJB/1393103833363-0.4748123052995652/package /Users/davidnelson/.npm/23e7ffc4-33363-0-4748123052995652-package.lock
55 silly lockFile 8821d76b--ob-randomizer-0-0-0-package-tgz tar:///Users/davidnelson/.npm/ob-randomizer/0.0.0/package.tgz
56 verbose lock tar:///Users/davidnelson/.npm/ob-randomizer/0.0.0/package.tgz /Users/davidnelson/.npm/8821d76b--ob-randomizer-0-0-0-package-tgz.lock
57 silly lockFile 23e7ffc4-33363-0-4748123052995652-package tar:///var/folders/db/rppfcc4n5d9dn6kb9059f5bc0000gn/T/npm-13604-2Me1ozJB/1393103833363-0.4748123052995652/package
58 silly lockFile 23e7ffc4-33363-0-4748123052995652-package tar:///var/folders/db/rppfcc4n5d9dn6kb9059f5bc0000gn/T/npm-13604-2Me1ozJB/1393103833363-0.4748123052995652/package
59 silly lockFile 8821d76b--ob-randomizer-0-0-0-package-tgz tar:///Users/davidnelson/.npm/ob-randomizer/0.0.0/package.tgz
60 silly lockFile 8821d76b--ob-randomizer-0-0-0-package-tgz tar:///Users/davidnelson/.npm/ob-randomizer/0.0.0/package.tgz
61 silly lockFile 248c8579--npm-ob-randomizer-0-0-0-package /Users/davidnelson/.npm/ob-randomizer/0.0.0/package
62 verbose lock /Users/davidnelson/.npm/ob-randomizer/0.0.0/package /Users/davidnelson/.npm/248c8579--npm-ob-randomizer-0-0-0-package.lock
63 silly lockFile 248c8579--npm-ob-randomizer-0-0-0-package /Users/davidnelson/.npm/ob-randomizer/0.0.0/package
64 silly lockFile 248c8579--npm-ob-randomizer-0-0-0-package /Users/davidnelson/.npm/ob-randomizer/0.0.0/package
65 verbose tar unpack /Users/davidnelson/.npm/ob-randomizer/0.0.0/package.tgz
66 silly lockFile 56abc111--npm-ob-randomizer-0-0-0-package tar:///Users/davidnelson/.npm/ob-randomizer/0.0.0/package
67 verbose lock tar:///Users/davidnelson/.npm/ob-randomizer/0.0.0/package /Users/davidnelson/.npm/56abc111--npm-ob-randomizer-0-0-0-package.lock
68 silly lockFile 8821d76b--ob-randomizer-0-0-0-package-tgz tar:///Users/davidnelson/.npm/ob-randomizer/0.0.0/package.tgz
69 verbose lock tar:///Users/davidnelson/.npm/ob-randomizer/0.0.0/package.tgz /Users/davidnelson/.npm/8821d76b--ob-randomizer-0-0-0-package-tgz.lock
70 silly gunzTarPerm modes [ '755', '644' ]
71 silly gunzTarPerm extractEntry package.json
72 silly gunzTarPerm extractEntry .npmignore
73 silly gunzTarPerm extractEntry README.md
74 silly gunzTarPerm extractEntry app.js
75 silly gunzTarPerm extractEntry rand.js
76 silly gunzTarPerm extractEntry Procfile
77 silly gunzTarPerm extractEntry index.html
78 silly gunzTarPerm extractEntry public/agents.json
79 silly gunzTarPerm extractEntry public/css/bootstrap-css/bootstrap-theme.css
80 silly gunzTarPerm extractEntry public/css/bootstrap-css/bootstrap-theme.css.map
81 silly gunzTarPerm extractEntry public/css/bootstrap-css/bootstrap-theme.min.css
82 silly gunzTarPerm extractEntry public/css/bootstrap-css/bootstrap.css
83 silly gunzTarPerm extractEntry public/css/bootstrap-css/bootstrap.css.map
84 silly gunzTarPerm extractEntry public/css/bootstrap.min.css
85 silly gunzTarPerm extractEntry public/css/normalize.css
86 silly gunzTarPerm extractEntry public/css/reset.css
87 silly gunzTarPerm extractEntry public/css/style.css
88 silly gunzTarPerm extractEntry public/js/bootstrap.min.js
89 silly gunzTarPerm extractEntry public/js/obApp.js
90 silly lockFile 56abc111--npm-ob-randomizer-0-0-0-package tar:///Users/davidnelson/.npm/ob-randomizer/0.0.0/package
91 silly lockFile 56abc111--npm-ob-randomizer-0-0-0-package tar:///Users/davidnelson/.npm/ob-randomizer/0.0.0/package
92 silly lockFile 8821d76b--ob-randomizer-0-0-0-package-tgz tar:///Users/davidnelson/.npm/ob-randomizer/0.0.0/package.tgz
93 silly lockFile 8821d76b--ob-randomizer-0-0-0-package-tgz tar:///Users/davidnelson/.npm/ob-randomizer/0.0.0/package.tgz
94 verbose chmod /Users/davidnelson/.npm/ob-randomizer/0.0.0/package.tgz 644
95 verbose chown /Users/davidnelson/.npm/ob-randomizer/0.0.0/package.tgz [ 501, 20 ]
96 silly lockFile 3a52ce78- .
97 silly lockFile 3a52ce78- .
98 silly resolved [ { name: 'ob-randomizer',
98 silly resolved     version: '0.0.0',
98 silly resolved     description: 'Chooses random sales angent to transfer voicemail or email sales lead',
98 silly resolved     main: 'index.js',
98 silly resolved     scripts: { test: 'echo "Error: no test specified" && exit 1' },
98 silly resolved     repository:
98 silly resolved      { type: 'git',
98 silly resolved        url: 'git://github.com/soolaimon/ob-randomizer.git' },
98 silly resolved     keywords: [ 'ob-randomizer', 'heroku' ],
98 silly resolved     author: { name: 'Dave Nelson' },
98 silly resolved     license: 'ISC',
98 silly resolved     bugs: { url: 'https://github.com/soolaimon/ob-randomizer/issues' },
98 silly resolved     homepage: 'https://github.com/soolaimon/ob-randomizer',
98 silly resolved     dependencies: { express: '~3.4.8', jsonfile: '~1.1.1' },
98 silly resolved     readme: 'To be cont\'d',
98 silly resolved     readmeFilename: 'README.md',
98 silly resolved     _id: 'ob-randomizer@0.0.0',
98 silly resolved     dist: { shasum: 'ec6753f4ea544aa021b8d1e47d4a0afeb7ff654e' },
98 silly resolved     _from: '.' } ]
99 info install ob-randomizer@0.0.0 into /usr/local/lib
100 info installOne ob-randomizer@0.0.0
101 info /usr/local/lib/node_modules/ob-randomizer unbuild
102 verbose tar unpack /Users/davidnelson/.npm/ob-randomizer/0.0.0/package.tgz
103 silly lockFile 28f266db-l-lib-node-modules-ob-randomizer tar:///usr/local/lib/node_modules/ob-randomizer
104 verbose lock tar:///usr/local/lib/node_modules/ob-randomizer /Users/davidnelson/.npm/28f266db-l-lib-node-modules-ob-randomizer.lock
105 silly lockFile 8821d76b--ob-randomizer-0-0-0-package-tgz tar:///Users/davidnelson/.npm/ob-randomizer/0.0.0/package.tgz
106 verbose lock tar:///Users/davidnelson/.npm/ob-randomizer/0.0.0/package.tgz /Users/davidnelson/.npm/8821d76b--ob-randomizer-0-0-0-package-tgz.lock
107 silly gunzTarPerm modes [ '755', '644' ]
108 error Error: EACCES, mkdir '/usr/local/lib/node_modules/ob-randomizer'
108 error  { [Error: EACCES, mkdir '/usr/local/lib/node_modules/ob-randomizer']
108 error   errno: 3,
108 error   code: 'EACCES',
108 error   path: '/usr/local/lib/node_modules/ob-randomizer',
108 error   fstream_type: 'Directory',
108 error   fstream_path: '/usr/local/lib/node_modules/ob-randomizer',
108 error   fstream_class: 'DirWriter',
108 error   fstream_stack:
108 error    [ '/usr/local/lib/node_modules/npm/node_modules/fstream/lib/dir-writer.js:36:23',
108 error      '/usr/local/lib/node_modules/npm/node_modules/mkdirp/index.js:37:53',
108 error      'Object.oncomplete (fs.js:107:15)' ] }
109 error Please try running this command again as root/Administrator.
110 error System Darwin 13.0.2
111 error command "node" "/usr/local/bin/npm" "install" "-g"
112 error cwd /Users/davidnelson/Projects/ob-randomizer
113 error node -v v0.10.25
114 error npm -v 1.3.24
115 error path /usr/local/lib/node_modules/ob-randomizer
116 error fstream_path /usr/local/lib/node_modules/ob-randomizer
117 error fstream_type Directory
118 error fstream_class DirWriter
119 error code EACCES
120 error errno 3
121 error stack Error: EACCES, mkdir '/usr/local/lib/node_modules/ob-randomizer'
122 error fstream_stack /usr/local/lib/node_modules/npm/node_modules/fstream/lib/dir-writer.js:36:23
122 error fstream_stack /usr/local/lib/node_modules/npm/node_modules/mkdirp/index.js:37:53
122 error fstream_stack Object.oncomplete (fs.js:107:15)
123 verbose exit [ 3, true ]
